<?xml version="1.0" encoding="UTF-8"?>
<!-- Generated by org.testng.reporters.JUnitReportReporter -->
<testsuite hostname="Susmithas-MacBook-Pro.local" failures="0" tests="1" name="restapi.PostAPITest" time="1.151" errors="0" timestamp="2020-02-13T20:21:24 PST" skipped="0">
  <testcase classname="restapi.PostAPITest" name="postAPITest" time="1.151"/>
  <system-out/>
</testsuite> <!-- restapi.PostAPITest -->
