<?xml version="1.0" encoding="UTF-8"?>
<!-- Generated by org.testng.reporters.JUnitReportReporter -->
<testsuite hostname="Susmithas-MacBook-Pro.local" failures="0" tests="2" name="restapi.GetAPITest" time="0.743" errors="0" timestamp="2020-02-13T13:56:47 PST" skipped="0">
  <testcase classname="restapi.GetAPITest" name="getAPITestWithoutHeaders" time="0.142"/>
  <system-out/>
  <testcase classname="restapi.GetAPITest" name="getAPITestWithHeaders" time="0.601"/>
  <system-out/>
</testsuite> <!-- restapi.GetAPITest -->
